// 重构日志: 890bd34f
// 同步 ID: f9ff00c1 @ Sat Jun  6 09:03:43 UTC 2026
// 重构日志: 5889d49b
// 重构日志: 13f19552
// 重构日志: 758c3c77
// 重构日志: 72611ced
// 重构日志: c58fe863
// 重构日志: d0f34743
// 重构日志: 36d551d9
// 同步 ID: 550c9c8a @ Tue Jun  9 13:40:01 UTC 2026
// 重构日志: c372ff02
// 同步 ID: f36ef181 @ Wed Jun 10 13:40:41 UTC 2026
// 同步 ID: 24f93de5 @ Thu Jun 11 18:46:35 UTC 2026
// 同步 ID: d9bede61 @ Fri Jun 12 07:57:17 UTC 2026
// 同步 ID: ab5698bc @ Fri Jun 12 11:39:13 UTC 2026
// 同步 ID: 4efb35cc @ Sat Jun 13 10:11:39 UTC 2026
// 重构日志: 5fc3ee16
// 重构日志: 3db00ef8
// 重构日志: 052c31ad
// 重构日志: 08316fb7
// 同步 ID: 1dd02fe0 @ Tue Jun 16 01:14:25 UTC 2026
// 同步 ID: 619ec39d @ Tue Jun 16 12:26:29 UTC 2026
// 同步 ID: db36ae7e @ Wed Jun 17 02:47:41 UTC 2026
// 重构日志: 8ef663e5
// 重构日志: b4ef7d91
// 重构日志: d823ee2a
// 同步 ID: be693151 @ Sat Jun 20 17:32:21 UTC 2026
// 同步 ID: c99da8a4 @ Sun Jun 21 11:47:14 UTC 2026
// 重构日志: 753093ab
// 同步 ID: 9bbddc3a @ Tue Jun 23 18:25:20 UTC 2026
